Running: C:\Xilinx\14.7\ISE_DS\ISE\bin\nt64\unwrapped\fuse.exe -intstyle ise -incremental -o C:/Users/usuario pc/Proyecto1/InstruccionesMemoria_isim_beh.exe -prj C:/Users/usuario pc/Proyecto1/InstruccionesMemoria_beh.prj work.InstruccionesMemoria 
ISim P.20131013 (signature 0x7708f090)
Number of CPUs detected in this system: 4
Turning on mult-threading, number of parallel sub-compilation jobs: 8 
Determining compilation order of HDL files
Parsing VHDL file "C:/Users/usuario pc/Proyecto1/InstruccionesMemoria.vhd" into library work
Starting static elaboration
WARNING:HDLCompiler:1196 - "C:/Users/usuario pc/Proyecto1/InstruccionesMemoria.vhd" Line 53: Readline called past the end of file romfile
Completed static elaboration
Compiling package standard
Compiling package std_logic_1164
Compiling package std_logic_arith
Compiling package std_logic_unsigned
Compiling package textio
Compiling architecture behavioral of entity instruccionesmemoria
Time Resolution for simulation is 1ps.
Waiting for 1 sub-compilation(s) to finish...
Compiled 6 VHDL Units
Built simulation executable C:/Users/usuario pc/Proyecto1/InstruccionesMemoria_isim_beh.exe
Fuse Memory Usage: 32584 KB
Fuse CPU Usage: 1765 ms
